<?xml version="1.0" encoding="UTF-8"?>
<testsuite xmlns:xsi="http://www.w3.org/2001/XMLSchema-instance" xsi:noNamespaceSchemaLocation="https://maven.apache.org/surefire/maven-surefire-plugin/xsd/surefire-test-report.xsd" version="3.0.2" name="com.son.auramix.controller.admin.AdminAuthControllerWebTest" time="8.868" tests="3" errors="0" skipped="0" failures="0" flakes="0">
  <properties>
[...]
</properties>
  <testcase name="login_returns400OnBlankUsername" classname="com.son.auramix.controller.admin.AdminAuthControllerWebTest" time="0.577">
    <system-out><![CDATA[20:15:56.856 [main] INFO org.springframework.test.context.support.AnnotationConfigContextLoaderUtils -- Could not detect default configuration classes for test class [com.son.auramix.controller.admin.AdminAuthControllerWebTest]: AdminAuthControllerWebTest does not declare any static, non-private, non-final, nested classes annotated with @Configuration.
20:15:57.058 [main] INFO org.springframework.boot.test.context.SpringBootTestContextBootstrapper -- Found @SpringBootConfiguration com.son.auramix.AuramixApplication for test class com.son.auramix.controller.admin.AdminAuthControllerWebTest

  .   ____          _            __ _ _
 /\\ / ___'_ __ _ _(_)_ __  __ _ \ \ \ \
( ( )\___ | '_ | '_| | '_ \/ _` | \ \ \ \
 \\/  ___)| |_)| | | | | || (_| |  ) ) ) )
  '  |____| .__|_| |_|_| |_\__, | / / / /
 =========|_|==============|___/=/_/_/_/

 :: Spring Boot ::               (v3.5.15)

2026-06-18 20:15:57.713  INFO [           main] c.s.a.c.a.AdminAuthControllerWebTest     : Starting AdminAuthControllerWebTest using Java 21.0.2 with PID 23056 (started by 17599 in C:\Users\17599\Desktop\Auramix\Auramix)
2026-06-18 20:15:57.716 DEBUG [           main] c.s.a.c.a.AdminAuthControllerWebTest     : Running with Spring Boot v3.5.15, Spring v6.2.19
2026-06-18 20:15:57.717  INFO [           main] c.s.a.c.a.AdminAuthControllerWebTest     : No active profile set, falling back to 1 default profile: "default"
2026-06-18 20:16:04.496  WARN [           main] .s.s.UserDetailsServiceAutoConfiguration : 

Using generated security password: 4e864cb2-1717-44f8-8451-96d5a0429985

This generated password is for development use only. Your security configuration must be updated before running your application in production.

2026-06-18 20:16:04.519  INFO [           main] r$InitializeUserDetailsManagerConfigurer : Global AuthenticationManager configured with UserDetailsService bean with name inMemoryUserDetailsManager
2026-06-18 20:16:04.719  INFO [           main] o.s.b.t.m.w.SpringBootMockServletContext : Initializing Spring TestDispatcherServlet ''
2026-06-18 20:16:04.719  INFO [           main] o.s.t.web.servlet.TestDispatcherServlet  : Initializing Servlet ''
2026-06-18 20:16:04.721  INFO [           main] o.s.t.web.servlet.TestDispatcherServlet  : Completed initialization in 2 ms
2026-06-18 20:16:04.796  INFO [           main] c.s.a.c.a.AdminAuthControllerWebTest     : Started AdminAuthControllerWebTest in 7.642 seconds (process running for 12.552)
2026-06-18 20:16:05.124  WARN [           main] c.s.a.c.e.GlobalExceptionHandler         : [参数校验失败] username 用户名不能为空; username 用户名长度需在 3-50 之间
]]></system-out>
    <system-err><![CDATA[Mockito is currently self-attaching to enable the inline-mock-maker. This will no longer work in future releases of the JDK. Please add Mockito as an agent to your build as described in Mockito's documentation: https://javadoc.io/doc/org.mockito/mockito-core/latest/org.mockito/org/mockito/Mockito.html#0.3
WARNING: A Java agent has been loaded dynamically (D:\BaseApp\maven-local-repository\net\bytebuddy\byte-buddy-agent\1.17.8\byte-buddy-agent-1.17.8.jar)
WARNING: If a serviceability tool is in use, please run with -XX:+EnableDynamicAgentLoading to hide this warning
WARNING: If a serviceability tool is not in use, please run with -Djdk.instrument.traceUsage for more information
WARNING: Dynamic loading of agents will be disallowed by default in a future release
]]></system-err>
  </testcase>
  <testcase name="login_returns200OnSuccess" classname="com.son.auramix.controller.admin.AdminAuthControllerWebTest" time="0.109"/>
  <testcase name="login_returnsBusinessErrorWhenBadCredentials" classname="com.son.auramix.controller.admin.AdminAuthControllerWebTest" time="0.024">
    <system-out><![CDATA[2026-06-18 20:16:05.524  WARN [           main] c.s.a.c.e.GlobalExceptionHandler         : [业务异常] POST /api/admin/auth/login -> code=4011, msg=用户名或密码错误
]]></system-out>
  </testcase>
</testsuite>